Detecting compiler hash for triplet x64-linux...
Compiler found: /usr/bin/c++
The following packages are already installed:
    asio:x64-linux@1.30.2 -- git+https://github.com/microsoft/vcpkg@17ce1a2d17d0cb0d50eb72c89a9e51f472ef31f4
  * fmt:x64-linux@10.2.1#2 -- git+https://github.com/microsoft/vcpkg@f6f4efa01a5e9ac627f0c6687af8b6b317fbbe42
    pthreads:x64-linux@3.0.0#14 -- git+https://github.com/microsoft/vcpkg@2e0a6df2800d3677b941dc6504f083965b7886d9
    spdlog:x64-linux@1.13.0#1 -- git+https://github.com/microsoft/vcpkg@f1118cb60e53eb5b4e23d686db8ccfd6909673d1
  * vcpkg-cmake:x64-linux@2023-05-04 -- git+https://github.com/microsoft/vcpkg@88a7058fc7fa73a9c4c99cfcae9d79e2abf87a5a
  * vcpkg-cmake-config:x64-linux@2022-02-06#1 -- git+https://github.com/microsoft/vcpkg@8d54cc4f487d51b655abec5f9c9c3f86ca83311f
asio provides CMake targets:

  # this is heuristically generated, and may not be correct
  find_package(asio CONFIG REQUIRED)
  target_link_libraries(main PRIVATE asio::asio)

The package spdlog provides CMake targets:

    find_package(spdlog CONFIG REQUIRED)
    target_link_libraries(main PRIVATE spdlog::spdlog)

    # Or use the header-only version
    find_package(spdlog CONFIG REQUIRED)
    target_link_libraries(main PRIVATE spdlog::spdlog_header_only)

All requested installations completed successfully in: 52.4 us
